Log started at 6/21/2022 1:05:00 PM (2022-06-21T16:05:00Z)
No config file at C:\Users\Heitor Amor\Documents\Unreal Engine\UnrealBuildTool\BuildConfiguration.xml
Configuration will be read from:
  C:\Users\Heitor Amor\AppData\Roaming\Unreal Engine\UnrealBuildTool\BuildConfiguration.xml
Log file: D:\Source Tree\Plataformer Unreal 5\PlataformGame\Saved\Logs\UnrealVersionSelector-2022.06.21-13.04.59.log

Note: Android toolchain NDK r21b recommended
IOS using Manual SDK 1253.100.28.7
Found Windows 10 SDK root at C:\Program Files (x86)\Windows Kits\10 (1)
Found Windows 10 SDK root at C:\Program Files (x86)\Windows Kits\10 (2)
Found Windows 10 SDK version 10.0.17763.0 at C:\Program Files (x86)\Windows Kits\10
Found Universal CRT version 10.0.17763.0 at C:\Program Files (x86)\Windows Kits\10
Found Windows 10 SDK version 10.0.18362.0 at C:\Program Files (x86)\Windows Kits\10
Found Universal CRT version 10.0.18362.0 at C:\Program Files (x86)\Windows Kits\10
Found Windows 10 SDK version 10.0.19041.0 at C:\Program Files (x86)\Windows Kits\10
Found Universal CRT version 10.0.19041.0 at C:\Program Files (x86)\Windows Kits\10
Win64 using Manual SDK 10.0.18362.0
Log file: C:\Users\Heitor Amor\AppData\Local\UnrealBuildTool\Log_GPF.txt

---   SDK INFO START   ---

Some Platforms were skipped due to invalid SDK setup: Android, Linux, LinuxArm64.
See the log file for detailed information

---   SDK INFO END   ---

Discovering modules, targets and source code for project...
Found Visual Studio installation: C:\Program Files (x86)\Microsoft Visual Studio\2019\Community (Product=Microsoft.VisualStudio.Product.Community, Version=16.11.32602.291)
Found Visual Studio toolchain: C:\Program Files (x86)\Microsoft Visual Studio\2019\Community\VC\Tools\MSVC\14.16.27023 (Family=14.16.27023, FamilyRank=1, Version=14.16.27048, Is64Bit=True, Preview=False, Architecture=x64, Error=True, Redist=C:\Program Files (x86)\Microsoft Visual Studio\2019\Community\VC\Redist\MSVC\14.29.30133)
Found Visual Studio toolchain: C:\Program Files (x86)\Microsoft Visual Studio\2019\Community\VC\Tools\MSVC\14.16.27023 (Family=14.16.27023, FamilyRank=1, Version=14.16.27048, Is64Bit=True, Preview=False, Architecture=ARM64, Error=True, Redist=C:\Program Files (x86)\Microsoft Visual Studio\2019\Community\VC\Redist\MSVC\14.29.30133)
Found Visual Studio toolchain: C:\Program Files (x86)\Microsoft Visual Studio\2019\Community\VC\Tools\MSVC\14.29.30133 (Family=14.29.30133, FamilyRank=0, Version=14.29.30145, Is64Bit=True, Preview=False, Architecture=x64, Error=False, Redist=C:\Program Files (x86)\Microsoft Visual Studio\2019\Community\VC\Redist\MSVC\14.29.30133)
Found Visual Studio toolchain: C:\Program Files (x86)\Microsoft Visual Studio\2019\Community\VC\Tools\MSVC\14.29.30133 (Family=14.29.30133, FamilyRank=0, Version=14.29.30145, Is64Bit=True, Preview=False, Architecture=ARM64, Error=False, Redist=C:\Program Files (x86)\Microsoft Visual Studio\2019\Community\VC\Redist\MSVC\14.29.30133)
Writing project files...
@progress 'Writing project files...' 0%
@progress 'Writing project files...' 50%
@progress 'Writing project files...' 100%
WriteFileIfChanged() wrote 0 changed files of 0 requested writes.
Timeline:

[ 0.000]
[ 0.000](+3.877) <unknown>
[ 3.877]
